{"C:\\Personal_Files\\Code\\Github\\jschneibel\\pneuma-sim\\frontend\\scripts\\constants.js": {"path":"C:\\Personal_Files\\Code\\Github\\jschneibel\\pneuma-sim\\frontend\\scripts\\constants.js","statementMap":{"0":{"start":{"line":2,"column":24},"end":{"line":35,"column":1}},"1":{"start":{"line":37,"column":40},"end":{"line":37,"column":43}},"2":{"start":{"line":39,"column":35},"end":{"line":39,"column":38}},"3":{"start":{"line":40,"column":41},"end":{"line":40,"column":46}},"4":{"start":{"line":42,"column":26},"end":{"line":42,"column":29}},"5":{"start":{"line":44,"column":44},"end":{"line":44,"column":62}},"6":{"start":{"line":46,"column":34},"end":{"line":46,"column":36}},"7":{"start":{"line":48,"column":27},"end":{"line":48,"column":33}},"8":{"start":{"line":50,"column":37},"end":{"line":50,"column":38}},"9":{"start":{"line":52,"column":35},"end":{"line":52,"column":41}},"10":{"start":{"line":53,"column":43},"end":{"line":53,"column":44}},"11":{"start":{"line":55,"column":28},"end":{"line":55,"column":29}},"12":{"start":{"line":56,"column":34},"end":{"line":56,"column":38}},"13":{"start":{"line":58,"column":38},"end":{"line":58,"column":44}},"14":{"start":{"line":59,"column":39},"end":{"line":59,"column":45}},"15":{"start":{"line":61,"column":41},"end":{"line":61,"column":63}},"16":{"start":{"line":62,"column":42},"end":{"line":62,"column":65}}},"fnMap":{},"branchMap":{},"s":{"0":1,"1":1,"2":1,"3":1,"4":1,"5":1,"6":1,"7":1,"8":1,"9":1,"10":1,"11":1,"12":1,"13":1,"14":1,"15":1,"16":1},"f":{},"b":{},"_coverageSchema":"1a1c01bbd47fc00a2c39e90264f33305004495a9","hash":"7d0532cbe7505cb77c38e2c05445ad1a56f226ed"}
,"C:\\Personal_Files\\Code\\Github\\jschneibel\\pneuma-sim\\frontend\\scripts\\diagram\\elements\\utils\\geometry.js": {"path":"C:\\Personal_Files\\Code\\Github\\jschneibel\\pneuma-sim\\frontend\\scripts\\diagram\\elements\\utils\\geometry.js","statementMap":{"0":{"start":{"line":7,"column":2},"end":{"line":7,"column":41}},"1":{"start":{"line":11,"column":2},"end":{"line":14,"column":4}},"2":{"start":{"line":18,"column":17},"end":{"line":21,"column":3}},"3":{"start":{"line":23,"column":2},"end":{"line":23,"column":61}},"4":{"start":{"line":23,"column":48},"end":{"line":23,"column":61}},"5":{"start":{"line":24,"column":2},"end":{"line":24,"column":61}},"6":{"start":{"line":24,"column":48},"end":{"line":24,"column":61}},"7":{"start":{"line":26,"column":2},"end":{"line":26,"column":16}},"8":{"start":{"line":30,"column":2},"end":{"line":33,"column":4}},"9":{"start":{"line":37,"column":17},"end":{"line":37,"column":69}},"10":{"start":{"line":39,"column":2},"end":{"line":43,"column":3}},"11":{"start":{"line":40,"column":4},"end":{"line":40,"column":13}},"12":{"start":{"line":42,"column":4},"end":{"line":42,"column":18}},"13":{"start":{"line":51,"column":2},"end":{"line":51,"column":79}},"14":{"start":{"line":51,"column":21},"end":{"line":51,"column":79}},"15":{"start":{"line":52,"column":2},"end":{"line":52,"column":79}},"16":{"start":{"line":52,"column":21},"end":{"line":52,"column":79}},"17":{"start":{"line":54,"column":12},"end":{"line":54,"column":25}},"18":{"start":{"line":55,"column":18},"end":{"line":55,"column":30}},"19":{"start":{"line":57,"column":12},"end":{"line":57,"column":25}},"20":{"start":{"line":58,"column":18},"end":{"line":58,"column":30}},"21":{"start":{"line":61,"column":22},"end":{"line":61,"column":67}},"22":{"start":{"line":65,"column":4},"end":{"line":65,"column":71}},"23":{"start":{"line":66,"column":2},"end":{"line":66,"column":50}},"24":{"start":{"line":67,"column":21},"end":{"line":67,"column":62}},"25":{"start":{"line":69,"column":2},"end":{"line":72,"column":3}},"26":{"start":{"line":71,"column":4},"end":{"line":71,"column":16}},"27":{"start":{"line":75,"column":13},"end":{"line":75,"column":78}},"28":{"start":{"line":77,"column":2},"end":{"line":80,"column":4}},"29":{"start":{"line":87,"column":2},"end":{"line":87,"column":75}},"30":{"start":{"line":87,"column":20},"end":{"line":87,"column":75}},"31":{"start":{"line":88,"column":2},"end":{"line":88,"column":61}},"32":{"start":{"line":88,"column":20},"end":{"line":88,"column":61}},"33":{"start":{"line":90,"column":24},"end":{"line":93,"column":3}},"34":{"start":{"line":95,"column":24},"end":{"line":98,"column":3}},"35":{"start":{"line":100,"column":2},"end":{"line":105,"column":4}},"36":{"start":{"line":113,"column":2},"end":{"line":115,"column":3}},"37":{"start":{"line":114,"column":4},"end":{"line":114,"column":45}},"38":{"start":{"line":117,"column":2},"end":{"line":120,"column":4}},"39":{"start":{"line":126,"column":12},"end":{"line":126,"column":13}},"40":{"start":{"line":128,"column":2},"end":{"line":132,"column":3}},"41":{"start":{"line":128,"column":15},"end":{"line":128,"column":16}},"42":{"start":{"line":129,"column":15},"end":{"line":129,"column":39}},"43":{"start":{"line":131,"column":4},"end":{"line":131,"column":79}},"44":{"start":{"line":134,"column":2},"end":{"line":134,"column":24}},"45":{"start":{"line":142,"column":2},"end":{"line":142,"column":71}},"46":{"start":{"line":146,"column":22},"end":{"line":146,"column":23}},"47":{"start":{"line":148,"column":2},"end":{"line":165,"column":3}},"48":{"start":{"line":149,"column":14},"end":{"line":149,"column":19}},"49":{"start":{"line":150,"column":20},"end":{"line":150,"column":47}},"50":{"start":{"line":152,"column":4},"end":{"line":164,"column":5}},"51":{"start":{"line":153,"column":6},"end":{"line":158,"column":7}},"52":{"start":{"line":157,"column":8},"end":{"line":157,"column":27}},"53":{"start":{"line":159,"column":11},"end":{"line":164,"column":5}},"54":{"start":{"line":163,"column":6},"end":{"line":163,"column":25}},"55":{"start":{"line":167,"column":2},"end":{"line":167,"column":29}}},"fnMap":{"0":{"name":"createVector","decl":{"start":{"line":6,"column":16},"end":{"line":6,"column":28}},"loc":{"start":{"line":6,"column":67},"end":{"line":8,"column":1}},"line":6},"1":{"name":"addVectors","decl":{"start":{"line":10,"column":16},"end":{"line":10,"column":26}},"loc":{"start":{"line":10,"column":67},"end":{"line":15,"column":1}},"line":10},"2":{"name":"subtractVectors","decl":{"start":{"line":17,"column":16},"end":{"line":17,"column":31}},"loc":{"start":{"line":17,"column":72},"end":{"line":27,"column":1}},"line":17},"3":{"name":"createPointBetweenAB","decl":{"start":{"line":29,"column":16},"end":{"line":29,"column":36}},"loc":{"start":{"line":29,"column":65},"end":{"line":34,"column":1}},"line":29},"4":{"name":"computeLength","decl":{"start":{"line":36,"column":16},"end":{"line":36,"column":29}},"loc":{"start":{"line":36,"column":49},"end":{"line":44,"column":1}},"line":36},"5":{"name":"findIntersectionBetweenLines","decl":{"start":{"line":47,"column":16},"end":{"line":47,"column":44}},"loc":{"start":{"line":50,"column":2},"end":{"line":81,"column":1}},"line":50},"6":{"name":"offsetEdgeByVector","decl":{"start":{"line":83,"column":16},"end":{"line":83,"column":34}},"loc":{"start":{"line":86,"column":2},"end":{"line":106,"column":1}},"line":86},"7":{"name":"createOutwardUnitNormal","decl":{"start":{"line":109,"column":16},"end":{"line":109,"column":39}},"loc":{"start":{"line":112,"column":2},"end":{"line":121,"column":1}},"line":112},"8":{"name":"isPolygonClockwise","decl":{"start":{"line":125,"column":16},"end":{"line":125,"column":34}},"loc":{"start":{"line":125,"column":44},"end":{"line":135,"column":1}},"line":125},"9":{"name":"isPointLeftOfAB","decl":{"start":{"line":141,"column":16},"end":{"line":141,"column":31}},"loc":{"start":{"line":141,"column":45},"end":{"line":143,"column":1}},"line":141},"10":{"name":"isPositionInPolygon","decl":{"start":{"line":145,"column":16},"end":{"line":145,"column":35}},"loc":{"start":{"line":145,"column":55},"end":{"line":168,"column":1}},"line":145}},"branchMap":{"0":{"loc":{"start":{"line":6,"column":29},"end":{"line":6,"column":46}},"type":"default-arg","locations":[{"start":{"line":6,"column":38},"end":{"line":6,"column":46}}],"line":6},"1":{"loc":{"start":{"line":6,"column":48},"end":{"line":6,"column":65}},"type":"default-arg","locations":[{"start":{"line":6,"column":57},"end":{"line":6,"column":65}}],"line":6},"2":{"loc":{"start":{"line":10,"column":27},"end":{"line":10,"column":45}},"type":"default-arg","locations":[{"start":{"line":10,"column":37},"end":{"line":10,"column":45}}],"line":10},"3":{"loc":{"start":{"line":10,"column":47},"end":{"line":10,"column":65}},"type":"default-arg","locations":[{"start":{"line":10,"column":57},"end":{"line":10,"column":65}}],"line":10},"4":{"loc":{"start":{"line":17,"column":32},"end":{"line":17,"column":50}},"type":"default-arg","locations":[{"start":{"line":17,"column":42},"end":{"line":17,"column":50}}],"line":17},"5":{"loc":{"start":{"line":17,"column":52},"end":{"line":17,"column":70}},"type":"default-arg","locations":[{"start":{"line":17,"column":62},"end":{"line":17,"column":70}}],"line":17},"6":{"loc":{"start":{"line":23,"column":2},"end":{"line":23,"column":61}},"type":"if","locations":[{"start":{"line":23,"column":2},"end":{"line":23,"column":61}},{"start":{"line":23,"column":2},"end":{"line":23,"column":61}}],"line":23},"7":{"loc":{"start":{"line":24,"column":2},"end":{"line":24,"column":61}},"type":"if","locations":[{"start":{"line":24,"column":2},"end":{"line":24,"column":61}},{"start":{"line":24,"column":2},"end":{"line":24,"column":61}}],"line":24},"8":{"loc":{"start":{"line":29,"column":37},"end":{"line":29,"column":49}},"type":"default-arg","locations":[{"start":{"line":29,"column":41},"end":{"line":29,"column":49}}],"line":29},"9":{"loc":{"start":{"line":29,"column":51},"end":{"line":29,"column":63}},"type":"default-arg","locations":[{"start":{"line":29,"column":55},"end":{"line":29,"column":63}}],"line":29},"10":{"loc":{"start":{"line":36,"column":30},"end":{"line":36,"column":47}},"type":"default-arg","locations":[{"start":{"line":36,"column":39},"end":{"line":36,"column":47}}],"line":36},"11":{"loc":{"start":{"line":39,"column":2},"end":{"line":43,"column":3}},"type":"if","locations":[{"start":{"line":39,"column":2},"end":{"line":43,"column":3}},{"start":{"line":39,"column":2},"end":{"line":43,"column":3}}],"line":39},"12":{"loc":{"start":{"line":48,"column":2},"end":{"line":48,"column":30}},"type":"default-arg","locations":[{"start":{"line":48,"column":10},"end":{"line":48,"column":30}}],"line":48},"13":{"loc":{"start":{"line":49,"column":2},"end":{"line":49,"column":30}},"type":"default-arg","locations":[{"start":{"line":49,"column":10},"end":{"line":49,"column":30}}],"line":49},"14":{"loc":{"start":{"line":51,"column":2},"end":{"line":51,"column":79}},"type":"if","locations":[{"start":{"line":51,"column":2},"end":{"line":51,"column":79}},{"start":{"line":51,"column":2},"end":{"line":51,"column":79}}],"line":51},"15":{"loc":{"start":{"line":52,"column":2},"end":{"line":52,"column":79}},"type":"if","locations":[{"start":{"line":52,"column":2},"end":{"line":52,"column":79}},{"start":{"line":52,"column":2},"end":{"line":52,"column":79}}],"line":52},"16":{"loc":{"start":{"line":66,"column":10},"end":{"line":66,"column":49}},"type":"cond-expr","locations":[{"start":{"line":66,"column":22},"end":{"line":66,"column":41}},{"start":{"line":66,"column":44},"end":{"line":66,"column":49}}],"line":66},"17":{"loc":{"start":{"line":67,"column":21},"end":{"line":67,"column":62}},"type":"cond-expr","locations":[{"start":{"line":67,"column":39},"end":{"line":67,"column":54}},{"start":{"line":67,"column":57},"end":{"line":67,"column":62}}],"line":67},"18":{"loc":{"start":{"line":69,"column":2},"end":{"line":72,"column":3}},"type":"if","locations":[{"start":{"line":69,"column":2},"end":{"line":72,"column":3}},{"start":{"line":69,"column":2},"end":{"line":72,"column":3}}],"line":69},"19":{"loc":{"start":{"line":69,"column":6},"end":{"line":69,"column":65}},"type":"binary-expr","locations":[{"start":{"line":69,"column":6},"end":{"line":69,"column":23}},{"start":{"line":69,"column":27},"end":{"line":69,"column":65}}],"line":69},"20":{"loc":{"start":{"line":84,"column":2},"end":{"line":84,"column":37}},"type":"default-arg","locations":[{"start":{"line":84,"column":9},"end":{"line":84,"column":37}}],"line":84},"21":{"loc":{"start":{"line":85,"column":2},"end":{"line":85,"column":19}},"type":"default-arg","locations":[{"start":{"line":85,"column":11},"end":{"line":85,"column":19}}],"line":85},"22":{"loc":{"start":{"line":87,"column":2},"end":{"line":87,"column":75}},"type":"if","locations":[{"start":{"line":87,"column":2},"end":{"line":87,"column":75}},{"start":{"line":87,"column":2},"end":{"line":87,"column":75}}],"line":87},"23":{"loc":{"start":{"line":88,"column":2},"end":{"line":88,"column":61}},"type":"if","locations":[{"start":{"line":88,"column":2},"end":{"line":88,"column":61}},{"start":{"line":88,"column":2},"end":{"line":88,"column":61}}],"line":88},"24":{"loc":{"start":{"line":110,"column":2},"end":{"line":110,"column":27}},"type":"default-arg","locations":[{"start":{"line":110,"column":9},"end":{"line":110,"column":27}}],"line":110},"25":{"loc":{"start":{"line":111,"column":2},"end":{"line":111,"column":20}},"type":"default-arg","locations":[{"start":{"line":111,"column":16},"end":{"line":111,"column":20}}],"line":111},"26":{"loc":{"start":{"line":113,"column":2},"end":{"line":115,"column":3}},"type":"if","locations":[{"start":{"line":113,"column":2},"end":{"line":115,"column":3}},{"start":{"line":113,"column":2},"end":{"line":115,"column":3}}],"line":113},"27":{"loc":{"start":{"line":152,"column":4},"end":{"line":164,"column":5}},"type":"if","locations":[{"start":{"line":152,"column":4},"end":{"line":164,"column":5}},{"start":{"line":152,"column":4},"end":{"line":164,"column":5}}],"line":152},"28":{"loc":{"start":{"line":153,"column":6},"end":{"line":158,"column":7}},"type":"if","locations":[{"start":{"line":153,"column":6},"end":{"line":158,"column":7}},{"start":{"line":153,"column":6},"end":{"line":158,"column":7}}],"line":153},"29":{"loc":{"start":{"line":154,"column":8},"end":{"line":155,"column":55}},"type":"binary-expr","locations":[{"start":{"line":154,"column":8},"end":{"line":154,"column":30}},{"start":{"line":155,"column":8},"end":{"line":155,"column":55}}],"line":154},"30":{"loc":{"start":{"line":159,"column":11},"end":{"line":164,"column":5}},"type":"if","locations":[{"start":{"line":159,"column":11},"end":{"line":164,"column":5}},{"start":{"line":159,"column":11},"end":{"line":164,"column":5}}],"line":159},"31":{"loc":{"start":{"line":160,"column":6},"end":{"line":161,"column":53}},"type":"binary-expr","locations":[{"start":{"line":160,"column":6},"end":{"line":160,"column":29}},{"start":{"line":161,"column":6},"end":{"line":161,"column":53}}],"line":160}},"s":{"0":0,"1":6,"2":6,"3":6,"4":0,"5":6,"6":0,"7":6,"8":0,"9":0,"10":0,"11":0,"12":0,"13":0,"14":0,"15":0,"16":0,"17":0,"18":0,"19":0,"20":0,"21":0,"22":0,"23":0,"24":0,"25":0,"26":0,"27":0,"28":0,"29":0,"30":0,"31":0,"32":0,"33":0,"34":0,"35":0,"36":0,"37":0,"38":0,"39":0,"40":0,"41":0,"42":0,"43":0,"44":0,"45":0,"46":0,"47":0,"48":0,"49":0,"50":0,"51":0,"52":0,"53":0,"54":0,"55":0},"f":{"0":0,"1":6,"2":6,"3":0,"4":0,"5":0,"6":0,"7":0,"8":0,"9":0,"10":0},"b":{"0":[0],"1":[0],"2":[0],"3":[1],"4":[0],"5":[1],"6":[0,6],"7":[0,6],"8":[0],"9":[0],"10":[0],"11":[0,0],"12":[0],"13":[0],"14":[0,0],"15":[0,0],"16":[0,0],"17":[0,0],"18":[0,0],"19":[0,0],"20":[0],"21":[0],"22":[0,0],"23":[0,0],"24":[0],"25":[0],"26":[0,0],"27":[0,0],"28":[0,0],"29":[0,0],"30":[0,0],"31":[0,0]},"_coverageSchema":"1a1c01bbd47fc00a2c39e90264f33305004495a9","hash":"3a5871c6d901a63730ec095c1338d82ffb447407"}
}
