TN:
SF:scripts\constants.js
FNF:0
FNH:0
DA:2,1
DA:37,1
DA:39,1
DA:40,1
DA:42,1
DA:44,1
DA:46,1
DA:48,1
DA:50,1
DA:52,1
DA:53,1
DA:55,1
DA:56,1
DA:58,1
DA:59,1
DA:61,1
DA:62,1
LF:17
LH:17
BRF:0
BRH:0
end_of_record
TN:
SF:scripts\diagram\elements\utils\geometry.js
FN:6,createVector
FN:10,addVectors
FN:17,subtractVectors
FN:29,createPointBetweenAB
FN:36,computeLength
FN:47,findIntersectionBetweenLines
FN:83,offsetEdgeByVector
FN:109,createOutwardUnitNormal
FN:125,isPolygonClockwise
FN:141,isPointLeftOfAB
FN:145,isPositionInPolygon
FNF:11
FNH:2
FNDA:0,createVector
FNDA:6,addVectors
FNDA:6,subtractVectors
FNDA:0,createPointBetweenAB
FNDA:0,computeLength
FNDA:0,findIntersectionBetweenLines
FNDA:0,offsetEdgeByVector
FNDA:0,createOutwardUnitNormal
FNDA:0,isPolygonClockwise
FNDA:0,isPointLeftOfAB
FNDA:0,isPositionInPolygon
DA:7,0
DA:11,6
DA:18,6
DA:23,6
DA:24,6
DA:26,6
DA:30,0
DA:37,0
DA:39,0
DA:40,0
DA:42,0
DA:51,0
DA:52,0
DA:54,0
DA:55,0
DA:57,0
DA:58,0
DA:61,0
DA:65,0
DA:66,0
DA:67,0
DA:69,0
DA:71,0
DA:75,0
DA:77,0
DA:87,0
DA:88,0
DA:90,0
DA:95,0
DA:100,0
DA:113,0
DA:114,0
DA:117,0
DA:126,0
DA:128,0
DA:129,0
DA:131,0
DA:134,0
DA:142,0
DA:146,0
DA:148,0
DA:149,0
DA:150,0
DA:152,0
DA:153,0
DA:157,0
DA:159,0
DA:163,0
DA:167,0
LF:49
LH:5
BRDA:6,0,0,0
BRDA:6,1,0,0
BRDA:10,2,0,0
BRDA:10,3,0,1
BRDA:17,4,0,0
BRDA:17,5,0,1
BRDA:23,6,0,0
BRDA:23,6,1,6
BRDA:24,7,0,0
BRDA:24,7,1,6
BRDA:29,8,0,0
BRDA:29,9,0,0
BRDA:36,10,0,0
BRDA:39,11,0,0
BRDA:39,11,1,0
BRDA:48,12,0,0
BRDA:49,13,0,0
BRDA:51,14,0,0
BRDA:51,14,1,0
BRDA:52,15,0,0
BRDA:52,15,1,0
BRDA:66,16,0,0
BRDA:66,16,1,0
BRDA:67,17,0,0
BRDA:67,17,1,0
BRDA:69,18,0,0
BRDA:69,18,1,0
BRDA:69,19,0,0
BRDA:69,19,1,0
BRDA:84,20,0,0
BRDA:85,21,0,0
BRDA:87,22,0,0
BRDA:87,22,1,0
BRDA:88,23,0,0
BRDA:88,23,1,0
BRDA:110,24,0,0
BRDA:111,25,0,0
BRDA:113,26,0,0
BRDA:113,26,1,0
BRDA:152,27,0,0
BRDA:152,27,1,0
BRDA:153,28,0,0
BRDA:153,28,1,0
BRDA:154,29,0,0
BRDA:154,29,1,0
BRDA:159,30,0,0
BRDA:159,30,1,0
BRDA:160,31,0,0
BRDA:160,31,1,0
BRF:49
BRH:4
end_of_record
